src/components/DraggableShape.tsx(29,5): error TS6133: 'onUpdate' is declared but its value is never read.
src/components/PDFViewer.tsx(252,56): error TS6133: 'pageNum' is declared but its value is never read.
src/components/PDFViewer.tsx(293,15): error TS6133: 'aspectRatio' is declared but its value is never read.
